0 info it worked if it ends with ok
1 verbose cli [ '/usr/local/bin/node',
1 verbose cli   '/usr/local/bin/npm',
1 verbose cli   'publish',
1 verbose cli   'marionette.toolbox' ]
2 info using npm@3.10.8
3 info using node@v6.9.1
4 verbose publish [ 'marionette.toolbox' ]
5 silly cache add args [ 'marionette.toolbox', null ]
6 verbose cache add spec marionette.toolbox
7 silly cache add parsed spec Result {
7 silly cache add   raw: 'marionette.toolbox',
7 silly cache add   scope: null,
7 silly cache add   escapedName: 'marionette.toolbox',
7 silly cache add   name: 'marionette.toolbox',
7 silly cache add   rawSpec: '',
7 silly cache add   spec: 'latest',
7 silly cache add   type: 'tag' }
8 silly addNamed marionette.toolbox@latest
9 verbose addNamed "latest" is being treated as a dist-tag for marionette.toolbox
10 info addNameTag [ 'marionette.toolbox', 'latest' ]
11 silly mapToRegistry name marionette.toolbox
12 silly mapToRegistry using default registry
13 silly mapToRegistry registry https://registry.npmjs.org/
14 silly mapToRegistry data Result {
14 silly mapToRegistry   raw: 'marionette.toolbox',
14 silly mapToRegistry   scope: null,
14 silly mapToRegistry   escapedName: 'marionette.toolbox',
14 silly mapToRegistry   name: 'marionette.toolbox',
14 silly mapToRegistry   rawSpec: '',
14 silly mapToRegistry   spec: 'latest',
14 silly mapToRegistry   type: 'tag' }
15 silly mapToRegistry uri https://registry.npmjs.org/marionette.toolbox
16 verbose addNameTag registry:https://registry.npmjs.org/marionette.toolbox not in flight; fetching
17 verbose request uri https://registry.npmjs.org/marionette.toolbox
18 verbose request no auth needed
19 info attempt registry request try #1 at 2:03:12 PM
20 verbose request using bearer token for auth
21 verbose request id af117f867fa06787
22 http request GET https://registry.npmjs.org/marionette.toolbox
23 http 200 https://registry.npmjs.org/marionette.toolbox
24 verbose headers { server: 'nginx/1.10.1',
24 verbose headers   'content-type': 'application/json',
24 verbose headers   'last-modified': 'Fri, 10 Mar 2017 19:42:15 GMT',
24 verbose headers   etag: 'W/"58c30197-43b92"',
24 verbose headers   'content-encoding': 'gzip',
24 verbose headers   'cache-control': 'max-age=300',
24 verbose headers   'transfer-encoding': 'chunked',
24 verbose headers   'accept-ranges': 'bytes',
24 verbose headers   date: 'Fri, 10 Mar 2017 21:03:12 GMT',
24 verbose headers   via: '1.1 varnish',
24 verbose headers   connection: 'keep-alive',
24 verbose headers   'x-served-by': 'cache-den6025-DEN',
24 verbose headers   'x-cache': 'MISS',
24 verbose headers   'x-cache-hits': '0',
24 verbose headers   'x-timer': 'S1489179792.619187,VS0,VE107',
24 verbose headers   vary: 'Accept-Encoding' }
25 silly get cb [ 200,
25 silly get   { server: 'nginx/1.10.1',
25 silly get     'content-type': 'application/json',
25 silly get     'last-modified': 'Fri, 10 Mar 2017 19:42:15 GMT',
25 silly get     etag: 'W/"58c30197-43b92"',
25 silly get     'content-encoding': 'gzip',
25 silly get     'cache-control': 'max-age=300',
25 silly get     'transfer-encoding': 'chunked',
25 silly get     'accept-ranges': 'bytes',
25 silly get     date: 'Fri, 10 Mar 2017 21:03:12 GMT',
25 silly get     via: '1.1 varnish',
25 silly get     connection: 'keep-alive',
25 silly get     'x-served-by': 'cache-den6025-DEN',
25 silly get     'x-cache': 'MISS',
25 silly get     'x-cache-hits': '0',
25 silly get     'x-timer': 'S1489179792.619187,VS0,VE107',
25 silly get     vary: 'Accept-Encoding' } ]
26 verbose get saving marionette.toolbox to /Users/justinkimbrell/.npm/registry.npmjs.org/marionette.toolbox/.cache.json
27 verbose correctMkdir /Users/justinkimbrell/.npm correctMkdir not in flight; initializing
28 silly addNameTag next cb for marionette.toolbox with tag latest
29 silly addNamed marionette.toolbox@0.7.78
30 verbose addNamed "0.7.78" is a plain semver version for marionette.toolbox
31 silly cache afterAdd marionette.toolbox@0.7.78
32 verbose afterAdd /Users/justinkimbrell/.npm/marionette.toolbox/0.7.78/package/package.json not in flight; writing
33 verbose correctMkdir /Users/justinkimbrell/.npm correctMkdir not in flight; initializing
34 verbose afterAdd /Users/justinkimbrell/.npm/marionette.toolbox/0.7.78/package/package.json written
35 silly publish { name: 'marionette.toolbox',
35 silly publish   description: 'An opinionated collection of UI components for Backbone.Marionette.',
35 silly publish   keywords: [ 'ui', 'interface', 'components', 'backbone', 'marionette' ],
35 silly publish   version: '0.7.78',
35 silly publish   main: './dist/marionette.toolbox.js',
35 silly publish   dependencies:
35 silly publish    { backbone: '^1.3.3',
35 silly publish      'backbone.babysitter': '^0.1.12',
35 silly publish      'backbone.marionette': '^2.4.7',
35 silly publish      'backbone.radio': '^2.0.0',
35 silly publish      'backbone.wreqr': '^1.3.7',
35 silly publish      handlebars: '^1.3.0',
35 silly publish      'interact.js': '^1.2.6',
35 silly publish      jquery: '^3.1.1',
35 silly publish      moment: '^2.16.0',
35 silly publish      nouislider: '^9.0.0',
35 silly publish      'spin.js': '^2.3.2',
35 silly publish      underscore: '^1.8.3' },
35 silly publish   devDependencies:
35 silly publish    { 'browser-sync': '^2.17.5',
35 silly publish      browserify: '^13.1.1',
35 silly publish      globby: '^6.1.0',
35 silly publish      gulp: '^3.9.1',
35 silly publish      'gulp-concat': '^2.6.0',
35 silly publish      'gulp-define-module': '^0.1.5',
35 silly publish      'gulp-handlebars': '^2.2.0',
35 silly publish      'gulp-inject-version': '^1.0.1',
35 silly publish      'gulp-rename': '^1.2.2',
35 silly publish      'gulp-sourcemaps': '^1.9.1',
35 silly publish      'gulp-uglify': '^2.0.0',
35 silly publish      resolve: '^1.1.7',
35 silly publish      'vinyl-buffer': '^1.0.0',
35 silly publish      'vinyl-source-stream': '^1.1.0',
35 silly publish      watchify: '^3.7.0' },
35 silly publish   gitHead: 'e8bd40605236dc25664c902bf10737ba9a1365c1',
35 silly publish   readme: 'ERROR: No README data found!',
35 silly publish   _id: 'marionette.toolbox@0.7.78',
35 silly publish   scripts: {},
35 silly publish   _shasum: '2cd5f089927317799becc851a33227ddc461ae5e',
35 silly publish   _from: 'marionette.toolbox@latest' }
36 info lifecycle marionette.toolbox@0.7.78~prepublish: marionette.toolbox@0.7.78
37 silly lifecycle marionette.toolbox@0.7.78~prepublish: no script for prepublish, continuing
38 verbose getPublishConfig undefined
39 silly mapToRegistry name marionette.toolbox
40 silly mapToRegistry using default registry
41 silly mapToRegistry registry https://registry.npmjs.org/
42 silly mapToRegistry data Result {
42 silly mapToRegistry   raw: 'marionette.toolbox',
42 silly mapToRegistry   scope: null,
42 silly mapToRegistry   escapedName: 'marionette.toolbox',
42 silly mapToRegistry   name: 'marionette.toolbox',
42 silly mapToRegistry   rawSpec: '',
42 silly mapToRegistry   spec: 'latest',
42 silly mapToRegistry   type: 'tag' }
43 silly mapToRegistry uri https://registry.npmjs.org/marionette.toolbox
44 verbose publish registryBase https://registry.npmjs.org/
45 silly publish uploading /Users/justinkimbrell/.npm/marionette.toolbox/0.7.78/package.tgz
46 verbose request uri https://registry.npmjs.org/marionette.toolbox
47 verbose request sending authorization for write operation
48 info attempt registry request try #1 at 2:03:12 PM
49 verbose request using bearer token for auth
50 http request PUT https://registry.npmjs.org/marionette.toolbox
51 http 403 https://registry.npmjs.org/marionette.toolbox
52 verbose headers { 'content-type': 'application/json',
52 verbose headers   'cache-control': 'max-age=300',
52 verbose headers   'content-length': '96',
52 verbose headers   'accept-ranges': 'bytes',
52 verbose headers   date: 'Fri, 10 Mar 2017 21:03:15 GMT',
52 verbose headers   via: '1.1 varnish',
52 verbose headers   connection: 'keep-alive',
52 verbose headers   'x-served-by': 'cache-den6025-DEN',
52 verbose headers   'x-cache': 'MISS',
52 verbose headers   'x-cache-hits': '0',
52 verbose headers   'x-timer': 'S1489179792.954943,VS0,VE2552',
52 verbose headers   vary: 'Accept-Encoding' }
53 verbose request invalidating /Users/justinkimbrell/.npm/registry.npmjs.org/marionette.toolbox on PUT
54 error publish Failed PUT 403
55 verbose stack Error: "You cannot publish over the previously published version 0.7.78." : marionette.toolbox
55 verbose stack     at makeError (/usr/local/lib/node_modules/npm/node_modules/npm-registry-client/lib/request.js:302:12)
55 verbose stack     at CachingRegistryClient.<anonymous> (/usr/local/lib/node_modules/npm/node_modules/npm-registry-client/lib/request.js:290:14)
55 verbose stack     at Request._callback (/usr/local/lib/node_modules/npm/node_modules/npm-registry-client/lib/request.js:210:14)
55 verbose stack     at Request.self.callback (/usr/local/lib/node_modules/npm/node_modules/request/request.js:187:22)
55 verbose stack     at emitTwo (events.js:106:13)
55 verbose stack     at Request.emit (events.js:191:7)
55 verbose stack     at Request.<anonymous> (/usr/local/lib/node_modules/npm/node_modules/request/request.js:1044:10)
55 verbose stack     at emitOne (events.js:96:13)
55 verbose stack     at Request.emit (events.js:188:7)
55 verbose stack     at IncomingMessage.<anonymous> (/usr/local/lib/node_modules/npm/node_modules/request/request.js:965:12)
56 verbose statusCode 403
57 verbose pkgid marionette.toolbox
58 verbose cwd /Users/justinkimbrell/Github/Toolbox
59 error Darwin 16.4.0
60 error argv "/usr/local/bin/node" "/usr/local/bin/npm" "publish" "marionette.toolbox"
61 error node v6.9.1
62 error npm  v3.10.8
63 error code E403
64 error "You cannot publish over the previously published version 0.7.78." : marionette.toolbox
65 error If you need help, you may report this error at:
65 error     <https://github.com/npm/npm/issues>
66 verbose exit [ 1, true ]
